{"contracts/core/CoreNFT.sol":{"l":{"21":0,"25":0,"29":42,"30":42,"31":42,"32":42,"33":42,"42":1,"46":6,"50":6,"54":42,"64":0,"73":44},"path":"/Users/mariussilenskis/AAGDevelopment/open-source/multisig-upgradable-proxy/contracts/core/CoreNFT.sol","s":{"1":0,"2":0,"3":42,"4":42,"5":42,"6":42,"7":1,"8":0,"9":44},"b":{"1":[42,0]},"f":{"1":0,"2":0,"3":42,"4":1,"5":6,"6":6,"7":42,"8":0,"9":44},"fnMap":{"1":{"name":"name","line":20,"loc":{"start":{"line":20,"column":4},"end":{"line":22,"column":4}}},"2":{"name":"symbol","line":24,"loc":{"start":{"line":24,"column":4},"end":{"line":26,"column":4}}},"3":{"name":"_mint","line":28,"loc":{"start":{"line":28,"column":4},"end":{"line":34,"column":4}}},"4":{"name":"tokenURI","line":36,"loc":{"start":{"line":36,"column":4},"end":{"line":43,"column":4}}},"5":{"name":"_setName","line":45,"loc":{"start":{"line":45,"column":4},"end":{"line":47,"column":4}}},"6":{"name":"_setSymbol","line":49,"loc":{"start":{"line":49,"column":4},"end":{"line":51,"column":4}}},"7":{"name":"_setURI","line":53,"loc":{"start":{"line":53,"column":4},"end":{"line":55,"column":4}}},"8":{"name":"supportsInterface","line":57,"loc":{"start":{"line":57,"column":4},"end":{"line":65,"column":4}}},"9":{"name":"_beforeTokenTransfer","line":67,"loc":{"start":{"line":67,"column":4},"end":{"line":74,"column":4}}}},"statementMap":{"1":{"start":{"line":21,"column":8},"end":{"line":21,"column":24}},"2":{"start":{"line":25,"column":8},"end":{"line":25,"column":26}},"3":{"start":{"line":29,"column":8},"end":{"line":29,"column":81}},"4":{"start":{"line":31,"column":8},"end":{"line":31,"column":42}},"5":{"start":{"line":32,"column":8},"end":{"line":32,"column":36}},"6":{"start":{"line":33,"column":8},"end":{"line":33,"column":30}},"7":{"start":{"line":42,"column":8},"end":{"line":42,"column":34}},"8":{"start":{"line":64,"column":8},"end":{"line":64,"column":51}},"9":{"start":{"line":73,"column":8},"end":{"line":73,"column":68}}},"branchMap":{"1":{"line":29,"type":"if","locations":[{"start":{"line":29,"column":8},"end":{"line":29,"column":8}},{"start":{"line":29,"column":8},"end":{"line":29,"column":8}}]}}},"contracts/core/MultiSigControlled.sol":{"l":{"28":12,"29":12,"30":12,"31":60,"32":60,"33":60,"34":60,"36":12,"42":0,"43":0,"44":0,"45":0,"46":0,"51":0,"58":0,"59":0,"60":0,"61":0,"63":0,"65":0,"66":0,"67":0,"68":0,"69":0,"71":0,"72":0,"74":0,"75":0,"76":0,"84":60,"88":0,"92":15,"96":8,"97":7},"path":"/Users/mariussilenskis/AAGDevelopment/open-source/multisig-upgradable-proxy/contracts/core/MultiSigControlled.sol","s":{"1":12,"2":12,"3":12,"4":60,"5":60,"6":60,"7":60,"8":0,"9":0,"10":0,"11":0,"12":0,"13":0,"14":0,"15":0,"16":0,"17":0,"18":0,"19":0,"20":0,"21":0,"22":0,"23":0,"24":0,"25":15,"26":8},"b":{"1":[12,0],"2":[12,0],"3":[60,0],"4":[60,0],"5":[60,0],"6":[0,0],"7":[0,0],"8":[0,0],"9":[0,0],"10":[0,0],"11":[0,0],"12":[0,0],"13":[0,0],"14":[0,0],"15":[7,1],"16":[6,1]},"f":{"1":12,"2":0,"3":0,"4":60,"5":0,"6":15,"7":8},"fnMap":{"1":{"name":"_createInitialValidators","line":27,"loc":{"start":{"line":27,"column":4},"end":{"line":37,"column":4}}},"2":{"name":"createAdminProposal","line":41,"loc":{"start":{"line":41,"column":4},"end":{"line":52,"column":4}}},"3":{"name":"approveAdminProposal","line":57,"loc":{"start":{"line":57,"column":4},"end":{"line":81,"column":4}}},"4":{"name":"_modifyAdmin","line":83,"loc":{"start":{"line":83,"column":4},"end":{"line":85,"column":4}}},"5":{"name":"proposition","line":87,"loc":{"start":{"line":87,"column":4},"end":{"line":89,"column":4}}},"6":{"name":"isAdmin","line":91,"loc":{"start":{"line":91,"column":4},"end":{"line":93,"column":4}}},"7":{"name":"onlyAdmin","line":95,"loc":{"start":{"line":95,"column":4},"end":{"line":98,"column":4}}}},"statementMap":{"1":{"start":{"line":28,"column":8},"end":{"line":28,"column":118}},"2":{"start":{"line":29,"column":8},"end":{"line":29,"column":71}},"3":{"start":{"line":30,"column":8},"end":{"line":30,"column":1161}},"4":{"start":{"line":31,"column":12},"end":{"line":31,"column":90}},"5":{"start":{"line":32,"column":12},"end":{"line":32,"column":83}},"6":{"start":{"line":33,"column":12},"end":{"line":33,"column":93}},"7":{"start":{"line":34,"column":13},"end":{"line":34,"column":45}},"8":{"start":{"line":42,"column":8},"end":{"line":42,"column":57}},"9":{"start":{"line":43,"column":8},"end":{"line":43,"column":88}},"10":{"start":{"line":44,"column":8},"end":{"line":44,"column":57}},"11":{"start":{"line":51,"column":8},"end":{"line":51,"column":76}},"12":{"start":{"line":58,"column":8},"end":{"line":58,"column":57}},"13":{"start":{"line":59,"column":8},"end":{"line":59,"column":96}},"14":{"start":{"line":60,"column":8},"end":{"line":60,"column":2520}},"15":{"start":{"line":61,"column":12},"end":{"line":61,"column":117}},"16":{"start":{"line":63,"column":8},"end":{"line":63,"column":92}},"17":{"start":{"line":65,"column":8},"end":{"line":65,"column":2909}},"18":{"start":{"line":67,"column":12},"end":{"line":67,"column":56}},"19":{"start":{"line":68,"column":12},"end":{"line":68,"column":3087}},"20":{"start":{"line":69,"column":16},"end":{"line":69,"column":44}},"21":{"start":{"line":71,"column":12},"end":{"line":71,"column":40}},"22":{"start":{"line":72,"column":12},"end":{"line":72,"column":18}},"23":{"start":{"line":74,"column":8},"end":{"line":74,"column":89}},"24":{"start":{"line":88,"column":8},"end":{"line":88,"column":36}},"25":{"start":{"line":92,"column":8},"end":{"line":92,"column":35}},"26":{"start":{"line":96,"column":8},"end":{"line":96,"column":95}}},"branchMap":{"1":{"line":28,"type":"if","locations":[{"start":{"line":28,"column":8},"end":{"line":28,"column":8}},{"start":{"line":28,"column":8},"end":{"line":28,"column":8}}]},"2":{"line":29,"type":"if","locations":[{"start":{"line":29,"column":8},"end":{"line":29,"column":8}},{"start":{"line":29,"column":8},"end":{"line":29,"column":8}}]},"3":{"line":31,"type":"if","locations":[{"start":{"line":31,"column":12},"end":{"line":31,"column":12}},{"start":{"line":31,"column":12},"end":{"line":31,"column":12}}]},"4":{"line":32,"type":"if","locations":[{"start":{"line":32,"column":12},"end":{"line":32,"column":12}},{"start":{"line":32,"column":12},"end":{"line":32,"column":12}}]},"5":{"line":33,"type":"if","locations":[{"start":{"line":33,"column":12},"end":{"line":33,"column":12}},{"start":{"line":33,"column":12},"end":{"line":33,"column":12}}]},"6":{"line":41,"type":"if","locations":[{"start":{"line":41,"column":91},"end":{"line":41,"column":91}},{"start":{"line":41,"column":91},"end":{"line":41,"column":91}}]},"7":{"line":41,"type":"if","locations":[{"start":{"line":41,"column":104},"end":{"line":41,"column":104}},{"start":{"line":41,"column":104},"end":{"line":41,"column":104}}]},"8":{"line":43,"type":"if","locations":[{"start":{"line":43,"column":8},"end":{"line":43,"column":8}},{"start":{"line":43,"column":8},"end":{"line":43,"column":8}}]},"9":{"line":57,"type":"if","locations":[{"start":{"line":57,"column":61},"end":{"line":57,"column":61}},{"start":{"line":57,"column":61},"end":{"line":57,"column":61}}]},"10":{"line":57,"type":"if","locations":[{"start":{"line":57,"column":74},"end":{"line":57,"column":74}},{"start":{"line":57,"column":74},"end":{"line":57,"column":74}}]},"11":{"line":59,"type":"if","locations":[{"start":{"line":59,"column":8},"end":{"line":59,"column":8}},{"start":{"line":59,"column":8},"end":{"line":59,"column":8}}]},"12":{"line":61,"type":"if","locations":[{"start":{"line":61,"column":12},"end":{"line":61,"column":12}},{"start":{"line":61,"column":12},"end":{"line":61,"column":12}}]},"13":{"line":65,"type":"if","locations":[{"start":{"line":65,"column":8},"end":{"line":65,"column":8}},{"start":{"line":65,"column":8},"end":{"line":65,"column":8}}]},"14":{"line":68,"type":"if","locations":[{"start":{"line":68,"column":12},"end":{"line":68,"column":12}},{"start":{"line":68,"column":12},"end":{"line":68,"column":12}}]},"15":{"line":96,"type":"if","locations":[{"start":{"line":96,"column":8},"end":{"line":96,"column":8}},{"start":{"line":96,"column":8},"end":{"line":96,"column":8}}]},"16":{"line":96,"type":"cond-expr","locations":[{"start":{"line":96,"column":16},"end":{"line":96,"column":34}},{"start":{"line":96,"column":39},"end":{"line":96,"column":59}}]}}},"contracts/NFT.sol":{"l":{"21":6,"22":6,"23":6,"24":6,"28":42},"path":"/Users/mariussilenskis/AAGDevelopment/open-source/multisig-upgradable-proxy/contracts/NFT.sol","s":{"1":6,"2":6,"3":6,"4":6,"5":6,"6":6,"7":6,"8":42},"b":{"1":[6,0],"2":[6,0],"3":[6,0],"4":[6,0],"5":[42,0],"6":[42,0]},"f":{"1":12,"2":6,"3":42},"fnMap":{"1":{"name":"constructor","line":12,"loc":{"start":{"line":12,"column":4},"end":{"line":12,"column":34}}},"2":{"name":"init","line":20,"loc":{"start":{"line":15,"column":4},"end":{"line":25,"column":4}}},"3":{"name":"mint","line":27,"loc":{"start":{"line":27,"column":4},"end":{"line":29,"column":4}}}},"statementMap":{"1":{"start":{"line":21,"column":8},"end":{"line":21,"column":51}},"2":{"start":{"line":21,"column":36},"end":{"line":21,"column":50}},"3":{"start":{"line":22,"column":8},"end":{"line":22,"column":58}},"4":{"start":{"line":22,"column":39},"end":{"line":22,"column":57}},"5":{"start":{"line":23,"column":8},"end":{"line":23,"column":60}},"6":{"start":{"line":23,"column":34},"end":{"line":23,"column":59}},"7":{"start":{"line":24,"column":8},"end":{"line":24,"column":40}},"8":{"start":{"line":28,"column":8},"end":{"line":28,"column":28}}},"branchMap":{"1":{"line":20,"type":"if","locations":[{"start":{"line":20,"column":15},"end":{"line":20,"column":15}},{"start":{"line":20,"column":15},"end":{"line":20,"column":15}}]},"2":{"line":21,"type":"if","locations":[{"start":{"line":21,"column":8},"end":{"line":21,"column":8}},{"start":{"line":21,"column":8},"end":{"line":21,"column":8}}]},"3":{"line":22,"type":"if","locations":[{"start":{"line":22,"column":8},"end":{"line":22,"column":8}},{"start":{"line":22,"column":8},"end":{"line":22,"column":8}}]},"4":{"line":23,"type":"if","locations":[{"start":{"line":23,"column":8},"end":{"line":23,"column":8}},{"start":{"line":23,"column":8},"end":{"line":23,"column":8}}]},"5":{"line":27,"type":"if","locations":[{"start":{"line":27,"column":65},"end":{"line":27,"column":65}},{"start":{"line":27,"column":65},"end":{"line":27,"column":65}}]},"6":{"line":27,"type":"if","locations":[{"start":{"line":27,"column":78},"end":{"line":27,"column":78}},{"start":{"line":27,"column":78},"end":{"line":27,"column":78}}]}}},"contracts/upgrade/ContractProxy.sol":{"l":{},"path":"/Users/mariussilenskis/AAGDevelopment/open-source/multisig-upgradable-proxy/contracts/upgrade/ContractProxy.sol","s":{},"b":{},"f":{"1":6},"fnMap":{"1":{"name":"constructor","line":12,"loc":{"start":{"line":7,"column":4},"end":{"line":15,"column":4}}}},"statementMap":{},"branchMap":{}},"contracts/upgrade/SecureAdmin.sol":{"l":{"24":6,"25":6,"29":2,"33":3,"34":2,"35":2,"36":2,"37":2,"38":2,"39":2,"48":4,"49":4,"50":3,"51":6,"53":3,"54":3,"55":3,"56":1,"57":1,"58":1,"59":1,"61":2,"68":1},"path":"/Users/mariussilenskis/AAGDevelopment/open-source/multisig-upgradable-proxy/contracts/upgrade/SecureAdmin.sol","s":{"1":6,"2":6,"3":2,"4":3,"5":2,"6":2,"7":2,"8":4,"9":4,"10":3,"11":6,"12":3,"13":3,"14":3,"15":1,"16":1,"17":1,"18":2,"19":1},"b":{"1":[4,0],"2":[3,1],"3":[2,1],"4":[2,0],"5":[2,0],"6":[4,0],"7":[4,0],"8":[3,1],"9":[6,0],"10":[1,2],"11":[1,0]},"f":{"1":6,"2":2,"3":3,"4":4,"5":1},"fnMap":{"1":{"name":"constructor","line":20,"loc":{"start":{"line":20,"column":4},"end":{"line":26,"column":4}}},"2":{"name":"getProposal","line":28,"loc":{"start":{"line":28,"column":4},"end":{"line":30,"column":4}}},"3":{"name":"createUpgradeProposal","line":32,"loc":{"start":{"line":32,"column":4},"end":{"line":45,"column":4}}},"4":{"name":"approveUpgradeProposal","line":47,"loc":{"start":{"line":47,"column":4},"end":{"line":62,"column":4}}},"5":{"name":"upgrade","line":67,"loc":{"start":{"line":67,"column":4},"end":{"line":69,"column":4}}}},"statementMap":{"1":{"start":{"line":24,"column":6},"end":{"line":24,"column":30}},"2":{"start":{"line":25,"column":6},"end":{"line":25,"column":42}},"3":{"start":{"line":29,"column":8},"end":{"line":29,"column":44}},"4":{"start":{"line":33,"column":8},"end":{"line":33,"column":84}},"5":{"start":{"line":34,"column":8},"end":{"line":34,"column":117}},"6":{"start":{"line":35,"column":8},"end":{"line":35,"column":124}},"7":{"start":{"line":37,"column":8},"end":{"line":37,"column":57}},"8":{"start":{"line":48,"column":8},"end":{"line":48,"column":72}},"9":{"start":{"line":49,"column":8},"end":{"line":49,"column":107}},"10":{"start":{"line":50,"column":8},"end":{"line":50,"column":1910}},"11":{"start":{"line":51,"column":12},"end":{"line":51,"column":111}},"12":{"start":{"line":53,"column":8},"end":{"line":53,"column":49}},"13":{"start":{"line":54,"column":8},"end":{"line":54,"column":47}},"14":{"start":{"line":55,"column":8},"end":{"line":55,"column":2206}},"15":{"start":{"line":56,"column":12},"end":{"line":56,"column":70}},"16":{"start":{"line":58,"column":12},"end":{"line":58,"column":72}},"17":{"start":{"line":59,"column":12},"end":{"line":59,"column":18}},"18":{"start":{"line":61,"column":8},"end":{"line":61,"column":66}},"19":{"start":{"line":68,"column":8},"end":{"line":68,"column":14}}},"branchMap":{"1":{"line":32,"type":"if","locations":[{"start":{"line":32,"column":114},"end":{"line":32,"column":114}},{"start":{"line":32,"column":114},"end":{"line":32,"column":114}}]},"2":{"line":32,"type":"if","locations":[{"start":{"line":32,"column":127},"end":{"line":32,"column":127}},{"start":{"line":32,"column":127},"end":{"line":32,"column":127}}]},"3":{"line":33,"type":"if","locations":[{"start":{"line":33,"column":8},"end":{"line":33,"column":8}},{"start":{"line":33,"column":8},"end":{"line":33,"column":8}}]},"4":{"line":34,"type":"if","locations":[{"start":{"line":34,"column":8},"end":{"line":34,"column":8}},{"start":{"line":34,"column":8},"end":{"line":34,"column":8}}]},"5":{"line":35,"type":"if","locations":[{"start":{"line":35,"column":8},"end":{"line":35,"column":8}},{"start":{"line":35,"column":8},"end":{"line":35,"column":8}}]},"6":{"line":47,"type":"if","locations":[{"start":{"line":47,"column":64},"end":{"line":47,"column":64}},{"start":{"line":47,"column":64},"end":{"line":47,"column":64}}]},"7":{"line":47,"type":"if","locations":[{"start":{"line":47,"column":77},"end":{"line":47,"column":77}},{"start":{"line":47,"column":77},"end":{"line":47,"column":77}}]},"8":{"line":49,"type":"if","locations":[{"start":{"line":49,"column":8},"end":{"line":49,"column":8}},{"start":{"line":49,"column":8},"end":{"line":49,"column":8}}]},"9":{"line":51,"type":"if","locations":[{"start":{"line":51,"column":12},"end":{"line":51,"column":12}},{"start":{"line":51,"column":12},"end":{"line":51,"column":12}}]},"10":{"line":55,"type":"if","locations":[{"start":{"line":55,"column":8},"end":{"line":55,"column":8}},{"start":{"line":55,"column":8},"end":{"line":55,"column":8}}]},"11":{"line":67,"type":"if","locations":[{"start":{"line":67,"column":107},"end":{"line":67,"column":107}},{"start":{"line":67,"column":107},"end":{"line":67,"column":107}}]}}}}